<?xml version="1.0" encoding="UTF-8"?>
<!-- Generated by org.testng.reporters.JUnitReportReporter -->
<testsuite name="com.qmetry.qaf.automation.step.client.Scenario" tests="6" time="303.028" ignored="0" failures="0" timestamp="10 May 2020 21:15:58 GMT" skipped="0" hostname="VaidhuSanthu" errors="0">
  <testcase name="verify Review Recipe Action for Guest User" time="85.535" classname="com.qmetry.qaf.automation.step.client.Scenario"/>
  <testcase name="verify Search Results" time="24.899" classname="com.qmetry.qaf.automation.step.client.Scenario"/>
  <testcase name="verify Invalid Search" time="25.385" classname="com.qmetry.qaf.automation.step.client.Scenario"/>
  <testcase name="verify Save Recipe Action for Guest User" time="66.898" classname="com.qmetry.qaf.automation.step.client.Scenario"/>
  <testcase name="Verify SAVES Button functionality" time="86.341" classname="com.qmetry.qaf.automation.step.client.Scenario"/>
  <testcase name="verify Test Food Receipe Title" time="13.970" classname="com.qmetry.qaf.automation.step.client.Scenario"/>
</testsuite> <!-- com.qmetry.qaf.automation.step.client.Scenario -->
